<?xml version="1.0" encoding="UTF-8"?>
<testng-results skipped="0" failed="0" ignored="0" total="1" passed="1">
  <reporter-output>
  </reporter-output>
  <suite name="Surefire suite" duration-ms="16" started-at="2018-09-29T18:51:55 EDT" finished-at="2018-09-29T18:51:55 EDT">
    <groups>
    </groups>
    <test name="Surefire test" duration-ms="16" started-at="2018-09-29T18:51:55 EDT" finished-at="2018-09-29T18:51:55 EDT">
      <class name="monprojects.AppTest">
        <test-method status="PASS" signature="testApp()[pri:0, instance:testApp(monprojects.AppTest)]" name="testApp" duration-ms="4" started-at="2018-09-29T18:51:55 EDT" finished-at="2018-09-29T18:51:55 EDT">
          <reporter-output>
          </reporter-output>
        </test-method> <!-- testApp -->
      </class> <!-- monprojects.AppTest -->
    </test> <!-- Surefire test -->
  </suite> <!-- Surefire suite -->
</testng-results>
