<?xml version="1.0" encoding="UTF-8"?>
<!-- Generated by org.testng.reporters.JUnitXMLReporter -->
<testsuite hostname="WINDOWS-41EONU9" ignored="0" name="Surefire test" tests="6" failures="0" timestamp="2018-09-29T18:51:55 EDT" time="0.072" errors="0">
  <testcase name="deleteTwitter" time="0.008" classname="monprojects.APITests"/>
  <testcase name="postJira" time="0.0" classname="monprojects.APITests"/>
  <testcase name="ioSApp" time="0.0" classname="monprojects.AppiumTests"/>
  <testcase name="nativApp" time="0.0" classname="monprojects.AppiumTests"/>
  <testcase name="BrowserAutomation" time="0.0" classname="monprojects.SeleniumTests"/>
  <testcase name="elementsUi" time="0.0" classname="monprojects.SeleniumTests"/>
</testsuite> <!-- Surefire test -->
