<?xml version="1.0" encoding="UTF-8"?>
<testng-results skipped="0" failed="0" ignored="0" total="6" passed="6">
  <reporter-output>
  </reporter-output>
  <suite name="Surefire suite" duration-ms="72" started-at="2018-09-29T18:51:55 EDT" finished-at="2018-09-29T18:51:55 EDT">
    <groups>
    </groups>
    <test name="Surefire test" duration-ms="72" started-at="2018-09-29T18:51:55 EDT" finished-at="2018-09-29T18:51:55 EDT">
      <class name="monprojects.SeleniumTests">
        <test-method status="PASS" signature="BrowserAutomation()[pri:0, instance:monprojects.SeleniumTests@c038203]" name="BrowserAutomation" duration-ms="0" started-at="2018-09-29T18:51:55 EDT" finished-at="2018-09-29T18:51:55 EDT">
          <reporter-output>
          </reporter-output>
        </test-method> <!-- BrowserAutomation -->
        <test-method status="PASS" signature="elementsUi()[pri:0, instance:monprojects.SeleniumTests@c038203]" name="elementsUi" duration-ms="0" started-at="2018-09-29T18:51:55 EDT" finished-at="2018-09-29T18:51:55 EDT">
          <reporter-output>
          </reporter-output>
        </test-method> <!-- elementsUi -->
      </class> <!-- monprojects.SeleniumTests -->
      <class name="monprojects.AppiumTests">
        <test-method status="PASS" signature="ioSApp()[pri:0, instance:monprojects.AppiumTests@29ee9faa]" name="ioSApp" duration-ms="0" started-at="2018-09-29T18:51:55 EDT" finished-at="2018-09-29T18:51:55 EDT">
          <reporter-output>
          </reporter-output>
        </test-method> <!-- ioSApp -->
        <test-method status="PASS" signature="nativApp()[pri:0, instance:monprojects.AppiumTests@29ee9faa]" name="nativApp" duration-ms="0" started-at="2018-09-29T18:51:55 EDT" finished-at="2018-09-29T18:51:55 EDT">
          <reporter-output>
          </reporter-output>
        </test-method> <!-- nativApp -->
      </class> <!-- monprojects.AppiumTests -->
      <class name="monprojects.APITests">
        <test-method status="PASS" signature="deleteTwitter()[pri:0, instance:monprojects.APITests@6767c1fc]" name="deleteTwitter" duration-ms="8" started-at="2018-09-29T18:51:55 EDT" finished-at="2018-09-29T18:51:55 EDT">
          <reporter-output>
          </reporter-output>
        </test-method> <!-- deleteTwitter -->
        <test-method status="PASS" signature="postJira()[pri:0, instance:monprojects.APITests@6767c1fc]" name="postJira" duration-ms="0" started-at="2018-09-29T18:51:55 EDT" finished-at="2018-09-29T18:51:55 EDT">
          <reporter-output>
          </reporter-output>
        </test-method> <!-- postJira -->
      </class> <!-- monprojects.APITests -->
    </test> <!-- Surefire test -->
  </suite> <!-- Surefire suite -->
</testng-results>
