<?xml version="1.0" encoding="UTF-8"?>
<!-- Generated by org.testng.reporters.JUnitXMLReporter -->
<testsuite hostname="WINDOWS-41EONU9" ignored="2" name="Test" tests="2" failures="0" timestamp="2018-09-29T19:13:11 EDT" time="0.044" errors="0">
  <testcase name="deleteTwitter" time="0.008" classname="monprojects.APITests"/>
  <testcase name="postJira" time="0.0" classname="monprojects.APITests"/>
  <testcase name="BrowserAutomation" time="0.0" classname="monprojects.SeleniumTests">
    <ignored/>
  </testcase> <!-- BrowserAutomation -->
  <testcase name="elementsUi" time="0.0" classname="monprojects.SeleniumTests">
    <ignored/>
  </testcase> <!-- elementsUi -->
</testsuite> <!-- Test -->
