<?xml version="1.0" encoding="UTF-8"?>
<testng-results skipped="0" failed="0" ignored="2" total="4" passed="2">
  <reporter-output>
  </reporter-output>
  <suite name="Suite" duration-ms="44" started-at="2018-09-29T19:13:11 EDT" finished-at="2018-09-29T19:13:11 EDT">
    <groups>
      <group name="reg">
        <method signature="APITests.deleteTwitter()[pri:0, instance:monprojects.APITests@55f3ddb1]" name="deleteTwitter" class="monprojects.APITests"/>
      </group> <!-- reg -->
      <group name="smoke">
        <method signature="APITests.postJira()[pri:0, instance:monprojects.APITests@55f3ddb1]" name="postJira" class="monprojects.APITests"/>
      </group> <!-- smoke -->
    </groups>
    <test name="Test" duration-ms="44" started-at="2018-09-29T19:13:11 EDT" finished-at="2018-09-29T19:13:11 EDT">
      <class name="monprojects.APITests">
        <test-method status="PASS" signature="deleteTwitter()[pri:0, instance:monprojects.APITests@55f3ddb1]" name="deleteTwitter" duration-ms="8" started-at="2018-09-29T19:13:11 EDT" finished-at="2018-09-29T19:13:11 EDT">
          <reporter-output>
          </reporter-output>
        </test-method> <!-- deleteTwitter -->
        <test-method status="PASS" signature="postJira()[pri:0, instance:monprojects.APITests@55f3ddb1]" name="postJira" duration-ms="0" started-at="2018-09-29T19:13:11 EDT" finished-at="2018-09-29T19:13:11 EDT">
          <reporter-output>
          </reporter-output>
        </test-method> <!-- postJira -->
      </class> <!-- monprojects.APITests -->
    </test> <!-- Test -->
  </suite> <!-- Suite -->
</testng-results>
